Using pre-set license
Built from '6000.0/release' branch; Version is '6000.0.29f1 (9fafe5c9db65) revision 10465253'; Using compiler version '193933523'; Build Type 'Release'
OS: 'Windows 11  (10.0.22631) 64bit CoreCountrySpecific' Language: 'zh' Physical Memory: 16235 MB
BatchMode: 1, IsHumanControllingUs: 0, StartBugReporterOnCrash: 0, Is64bit: 1, IsPro: 1

COMMAND LINE ARGUMENTS:
E:\Unity Project\6000.0.29f1\Editor\Unity.exe
-adb2
-batchMode
-noUpm
-name
AssetImportWorker4
-projectPath
E:/Unity Project/AWS-Game-Builder
-logFile
Logs/AssetImportWorker4.log
-srvPort
64290
-job-worker-count
7
-background-job-worker-count
8
-asset-garbage-collectors
1
Successfully changed project path to: E:/Unity Project/AWS-Game-Builder
E:/Unity Project/AWS-Game-Builder
[UnityMemory] Configuration Parameters - Can be set up in boot.config
    "memorysetup-bucket-allocator-granularity=16"
    "memorysetup-bucket-allocator-bucket-count=8"
    "memorysetup-bucket-allocator-block-size=33554432"
    "memorysetup-bucket-allocator-block-count=8"
    "memorysetup-main-allocator-block-size=16777216"
    "memorysetup-thread-allocator-block-size=16777216"
    "memorysetup-gfx-main-allocator-block-size=16777216"
    "memorysetup-gfx-thread-allocator-block-size=16777216"
    "memorysetup-cache-allocator-block-size=4194304"
    "memorysetup-typetree-allocator-block-size=2097152"
    "memorysetup-profiler-bucket-allocator-granularity=16"
    "memorysetup-profiler-bucket-allocator-bucket-count=8"
    "memorysetup-profiler-bucket-allocator-block-size=33554432"
    "memorysetup-profiler-bucket-allocator-block-count=8"
    "memorysetup-profiler-allocator-block-size=16777216"
    "memorysetup-profiler-editor-allocator-block-size=1048576"
    "memorysetup-temp-allocator-size-main=16777216"
    "memorysetup-job-temp-allocator-block-size=2097152"
    "memorysetup-job-temp-allocator-block-size-background=1048576"
    "memorysetup-job-temp-allocator-reduction-small-platforms=262144"
    "memorysetup-allocator-temp-initial-block-size-main=262144"
    "memorysetup-allocator-temp-initial-block-size-worker=262144"
    "memorysetup-temp-allocator-size-background-worker=32768"
    "memorysetup-temp-allocator-size-job-worker=262144"
    "memorysetup-temp-allocator-size-preload-manager=33554432"
    "memorysetup-temp-allocator-size-nav-mesh-worker=65536"
    "memorysetup-temp-allocator-size-audio-worker=65536"
    "memorysetup-temp-allocator-size-cloud-worker=32768"
    "memorysetup-temp-allocator-size-gi-baking-worker=262144"
    "memorysetup-temp-allocator-size-gi-baking-worker=262144"
    "memorysetup-temp-allocator-size-gi-baking-worker=262144"
    "memorysetup-temp-allocator-size-gi-baking-worker=262144"
    "memorysetup-temp-allocator-size-gi-baking-worker=262144"
    "memorysetup-temp-allocator-size-gfx=262144"
Player connection [28352]  Target information:

Player connection [28352]  * "[IP] 192.168.0.190 [Port] 0 [Flags] 2 [Guid] 4041183994 [EditorId] 4041183994 [Version] 1048832 [Id] WindowsEditor(7,LAPTOP-BV1B23TK) [Debug] 1 [PackageName] WindowsEditor [ProjectName] Editor" 

Player connection [28352] Host joined multi-casting on [225.0.0.222:54997]...
Player connection [28352] Host joined alternative multi-casting on [225.0.0.222:34997]...
JobSystem: Creating JobQueue using job-worker-count value 7
[Physics::Module] Initialized fallback backend.
[Physics::Module] Id: 0xdecafbad
Library Redirect Path: Library/
[Physics::Module] Selected backend.
[Physics::Module] Name: PhysX
[Physics::Module] Id: 0xf2b8ea05
[Physics::Module] SDK Version: 4.1.2
[Physics::Module] Integration Version: 1.0.0
[Physics::Module] Threading Mode: Multi-Threaded
Refreshing native plugins compatible for Editor in 5.57 ms, found 4 plugins.
Preloading 0 native plugins for Editor in 0.00 ms.
Initialize engine version: 6000.0.29f1 (9fafe5c9db65)
[Subsystems] Discovering subsystems at path E:/Unity Project/6000.0.29f1/Editor/Data/Resources/UnitySubsystems
[Subsystems] Discovering subsystems at path E:/Unity Project/AWS-Game-Builder/Assets
GfxDevice: creating device client; kGfxThreadingModeNonThreaded
Direct3D:
    Version:  Direct3D 11.0 [level 11.1]
    Renderer: NVIDIA GeForce RTX 3060 Laptop GPU (ID=0x2560)
    Vendor:   NVIDIA
    VRAM:     5996 MB
    Driver:   32.0.15.6076
Initialize mono
Mono path[0] = 'E:/Unity Project/6000.0.29f1/Editor/Data/Managed'
Mono path[1] = 'E:/Unity Project/6000.0.29f1/Editor/Data/MonoBleedingEdge/lib/mono/unityjit-win32'
Mono config path = 'E:/Unity Project/6000.0.29f1/Editor/Data/MonoBleedingEdge/etc'
Using monoOptions --debugger-agent=transport=dt_socket,embedding=1,server=y,suspend=n,address=127.0.0.1:56548
Begin MonoManager ReloadAssembly
Registering precompiled unity dll's ...
Register platform support module: E:/Unity Project/6000.0.29f1/Editor/Data/PlaybackEngines/WebGLSupport/UnityEditor.WebGL.Extensions.dll
Register platform support module: E:/Unity Project/6000.0.29f1/Editor/Data/PlaybackEngines/WindowsStandaloneSupport/UnityEditor.WindowsStandalone.Extensions.dll
Registered in 0.006424 seconds.
- Loaded All Assemblies, in  0.830 seconds
Native extension for WindowsStandalone target not found
Native extension for WebGL target not found
Mono: successfully reloaded assembly
- Finished resetting the current domain, in  0.470 seconds
Domain Reload Profiling: 1301ms
	BeginReloadAssembly (448ms)
		ExecutionOrderSort (0ms)
		DisableScriptedObjects (0ms)
		BackupInstance (0ms)
		ReleaseScriptingObjects (0ms)
		CreateAndSetChildDomain (1ms)
	RebuildCommonClasses (52ms)
	RebuildNativeTypeToScriptingClass (12ms)
	initialDomainReloadingComplete (59ms)
	LoadAllAssembliesAndSetupDomain (259ms)
		LoadAssemblies (448ms)
		RebuildTransferFunctionScriptingTraits (0ms)
		AnalyzeDomain (252ms)
			TypeCache.Refresh (249ms)
				TypeCache.ScanAssembly (231ms)
			BuildScriptInfoCaches (0ms)
			ResolveRequiredComponents (1ms)
	FinalizeReload (471ms)
		ReleaseScriptCaches (0ms)
		RebuildScriptCaches (0ms)
		SetupLoadedEditorAssemblies (410ms)
			LogAssemblyErrors (0ms)
			InitializePlatformSupportModulesInManaged (34ms)
			SetLoadedEditorAssemblies (9ms)
			BeforeProcessingInitializeOnLoad (11ms)
			ProcessInitializeOnLoadAttributes (265ms)
			ProcessInitializeOnLoadMethodAttributes (87ms)
			AfterProcessingInitializeOnLoad (4ms)
			EditorAssembliesLoaded (0ms)
		ExecutionOrderSort2 (0ms)
		AwakeInstancesAfterBackupRestoration (0ms)
========================================================================
Worker process is ready to serve import requests
Import Worker Mode flag is 0x00
Begin MonoManager ReloadAssembly
- Loaded All Assemblies, in  1.203 seconds
Refreshing native plugins compatible for Editor in 2.46 ms, found 4 plugins.
Native extension for WindowsStandalone target not found
Native extension for WebGL target not found
Mono: successfully reloaded assembly
- Finished resetting the current domain, in  1.044 seconds
Domain Reload Profiling: 2245ms
	BeginReloadAssembly (333ms)
		ExecutionOrderSort (0ms)
		DisableScriptedObjects (8ms)
		BackupInstance (0ms)
		ReleaseScriptingObjects (0ms)
		CreateAndSetChildDomain (39ms)
	RebuildCommonClasses (50ms)
	RebuildNativeTypeToScriptingClass (12ms)
	initialDomainReloadingComplete (44ms)
	LoadAllAssembliesAndSetupDomain (761ms)
		LoadAssemblies (680ms)
		RebuildTransferFunctionScriptingTraits (0ms)
		AnalyzeDomain (333ms)
			TypeCache.Refresh (237ms)
				TypeCache.ScanAssembly (212ms)
			BuildScriptInfoCaches (80ms)
			ResolveRequiredComponents (13ms)
	FinalizeReload (1045ms)
		ReleaseScriptCaches (0ms)
		RebuildScriptCaches (0ms)
		SetupLoadedEditorAssemblies (852ms)
			LogAssemblyErrors (0ms)
			InitializePlatformSupportModulesInManaged (3ms)
			SetLoadedEditorAssemblies (6ms)
			BeforeProcessingInitializeOnLoad (72ms)
			ProcessInitializeOnLoadAttributes (636ms)
			ProcessInitializeOnLoadMethodAttributes (132ms)
			AfterProcessingInitializeOnLoad (5ms)
			EditorAssembliesLoaded (0ms)
		ExecutionOrderSort2 (0ms)
		AwakeInstancesAfterBackupRestoration (10ms)
Launched and connected shader compiler UnityShaderCompiler.exe after 0.01 seconds
Refreshing native plugins compatible for Editor in 5.17 ms, found 4 plugins.
Preloading 0 native plugins for Editor in 0.00 ms.
Unloading 205 Unused Serialized files (Serialized files now loaded: 0)
Unloading 6525 unused Assets / (3.5 MB). Loaded Objects now: 7203.
Memory consumption went from 173.1 MB to 169.6 MB.
Total: 13.965700 ms (FindLiveObjects: 1.855900 ms CreateObjectMapping: 0.893100 ms MarkObjects: 7.552300 ms  DeleteObjects: 3.662700 ms)

========================================================================
Received Import Request.
  Time since last request: 263671.640980 seconds.
  path: Assets/Palette/cloud_tileset_322.asset
  artifactKey: Guid(74cab5f37b4a54a42b7a039eec967fb2) Importer(2089858483,192608db42251d675da83286b1cce702)
Start importing Assets/Palette/cloud_tileset_322.asset using Guid(74cab5f37b4a54a42b7a039eec967fb2) Importer(2089858483,192608db42251d675da83286b1cce702) (ScriptedImporter) -> (artifact id: '19c6514d2b27594911fbd91c9eb28572') in 0.1872127 seconds
Number of updated asset objects reloaded before import = 0Number of asset objects unloaded after import = 2

========================================================================
Received Import Request.
  Time since last request: 0.000022 seconds.
  path: Assets/Palette/cloud_tileset_130.asset
  artifactKey: Guid(e4c2d8659ae11f146b962a51341799fc) Importer(2089858483,192608db42251d675da83286b1cce702)
Start importing Assets/Palette/cloud_tileset_130.asset using Guid(e4c2d8659ae11f146b962a51341799fc) Importer(2089858483,192608db42251d675da83286b1cce702) (ScriptedImporter) -> (artifact id: '350bdc9b7254ba92a1c19a44e8b1bb6b') in 0.0075049 seconds
Number of updated asset objects reloaded before import = 0Number of asset objects unloaded after import = 2

========================================================================
Received Import Request.
  Time since last request: 0.000032 seconds.
  path: Assets/Palette/cloud_tileset_191.asset
  artifactKey: Guid(48d9e92e8eabc1d45805aac9fda2b48d) Importer(2089858483,192608db42251d675da83286b1cce702)
Start importing Assets/Palette/cloud_tileset_191.asset using Guid(48d9e92e8eabc1d45805aac9fda2b48d) Importer(2089858483,192608db42251d675da83286b1cce702) (ScriptedImporter) -> (artifact id: 'aa97ea4bb4b6b27351138c4162608130') in 0.0070335 seconds
Number of updated asset objects reloaded before import = 0Number of asset objects unloaded after import = 2

========================================================================
Received Import Request.
  Time since last request: 0.000016 seconds.
  path: Assets/Palette/cloud_tileset_258.asset
  artifactKey: Guid(869eec70d9b4a0049addf25395f80f70) Importer(2089858483,192608db42251d675da83286b1cce702)
Start importing Assets/Palette/cloud_tileset_258.asset using Guid(869eec70d9b4a0049addf25395f80f70) Importer(2089858483,192608db42251d675da83286b1cce702) (ScriptedImporter) -> (artifact id: '85e146f17ae979b9dd94a2a22ed44066') in 0.011125 seconds
Number of updated asset objects reloaded before import = 0Number of asset objects unloaded after import = 2

========================================================================
Received Import Request.
  Time since last request: 0.000015 seconds.
  path: Assets/Palette/cloud_tileset_103.asset
  artifactKey: Guid(c44b13ca335a66549a5441b9204b44a5) Importer(2089858483,192608db42251d675da83286b1cce702)
Start importing Assets/Palette/cloud_tileset_103.asset using Guid(c44b13ca335a66549a5441b9204b44a5) Importer(2089858483,192608db42251d675da83286b1cce702) (ScriptedImporter) -> (artifact id: 'd197ba9af46b4856621fba2b13017c4e') in 0.0063382 seconds
Number of updated asset objects reloaded before import = 0Number of asset objects unloaded after import = 2

========================================================================
Received Import Request.
  Time since last request: 0.000015 seconds.
  path: Assets/Palette/cloud_tileset_135.asset
  artifactKey: Guid(ebfb306680ce27f4396d0a7c577b0a47) Importer(2089858483,192608db42251d675da83286b1cce702)
Start importing Assets/Palette/cloud_tileset_135.asset using Guid(ebfb306680ce27f4396d0a7c577b0a47) Importer(2089858483,192608db42251d675da83286b1cce702) (ScriptedImporter) -> (artifact id: '968ee27f21287430bc5986f639cac9e7') in 0.0071081 seconds
Number of updated asset objects reloaded before import = 0Number of asset objects unloaded after import = 2

========================================================================
Received Import Request.
  Time since last request: 0.000014 seconds.
  path: Assets/Palette/cloud_tileset_13.asset
  artifactKey: Guid(84f0c2aae96200742b324ede0d737090) Importer(2089858483,192608db42251d675da83286b1cce702)
Start importing Assets/Palette/cloud_tileset_13.asset using Guid(84f0c2aae96200742b324ede0d737090) Importer(2089858483,192608db42251d675da83286b1cce702) (ScriptedImporter) -> (artifact id: '0bf62d6eed8f55105323b0ec69b7e2ae') in 0.0078651 seconds
Number of updated asset objects reloaded before import = 0Number of asset objects unloaded after import = 2

========================================================================
Received Import Request.
  Time since last request: 0.000020 seconds.
  path: Assets/Palette/cloud_tileset_282.asset
  artifactKey: Guid(02f2fd71347c63a428c3cc1b6b0e7025) Importer(2089858483,192608db42251d675da83286b1cce702)
Start importing Assets/Palette/cloud_tileset_282.asset using Guid(02f2fd71347c63a428c3cc1b6b0e7025) Importer(2089858483,192608db42251d675da83286b1cce702) (ScriptedImporter) -> (artifact id: 'd0d9beb6d9f703e3d5ac2b3e2329b069') in 0.0061188 seconds
Number of updated asset objects reloaded before import = 0Number of asset objects unloaded after import = 2

========================================================================
Received Import Request.
  Time since last request: 0.000025 seconds.
  path: Assets/Palette/cloud_tileset_112.asset
  artifactKey: Guid(d1b1cb1e48fd47b43bc874ddf8922067) Importer(2089858483,192608db42251d675da83286b1cce702)
Start importing Assets/Palette/cloud_tileset_112.asset using Guid(d1b1cb1e48fd47b43bc874ddf8922067) Importer(2089858483,192608db42251d675da83286b1cce702) (ScriptedImporter) -> (artifact id: 'fb99a00662766228851cf12cde664b3d') in 0.0063589 seconds
Number of updated asset objects reloaded before import = 0Number of asset objects unloaded after import = 2

========================================================================
Received Import Request.
  Time since last request: 0.000015 seconds.
  path: Assets/Palette/cloud_tileset_239.asset
  artifactKey: Guid(98d86e7b6731de84e811061038389827) Importer(2089858483,192608db42251d675da83286b1cce702)
Start importing Assets/Palette/cloud_tileset_239.asset using Guid(98d86e7b6731de84e811061038389827) Importer(2089858483,192608db42251d675da83286b1cce702) (ScriptedImporter) -> (artifact id: '01790924529b4a52bb015dd78feb38d9') in 0.0064222 seconds
Number of updated asset objects reloaded before import = 0Number of asset objects unloaded after import = 2

========================================================================
Received Import Request.
  Time since last request: 0.000015 seconds.
  path: Assets/Palette/cloud_tileset_231.asset
  artifactKey: Guid(4adbd60bea3b27242bdd21ca0c0b4407) Importer(2089858483,192608db42251d675da83286b1cce702)
Start importing Assets/Palette/cloud_tileset_231.asset using Guid(4adbd60bea3b27242bdd21ca0c0b4407) Importer(2089858483,192608db42251d675da83286b1cce702) (ScriptedImporter) -> (artifact id: '724617ac627e23b1b125b2d648c96ffa') in 0.0064333 seconds
Number of updated asset objects reloaded before import = 0Number of asset objects unloaded after import = 2

========================================================================
Received Import Request.
  Time since last request: 0.000019 seconds.
  path: Assets/Palette/cloud_tileset_115.asset
  artifactKey: Guid(1142fc545e9a7f942926af6cc4b4efef) Importer(2089858483,192608db42251d675da83286b1cce702)
Start importing Assets/Palette/cloud_tileset_115.asset using Guid(1142fc545e9a7f942926af6cc4b4efef) Importer(2089858483,192608db42251d675da83286b1cce702) (ScriptedImporter) -> (artifact id: '1362c680535a032ed4498defc6313791') in 0.0077795 seconds
Number of updated asset objects reloaded before import = 0Number of asset objects unloaded after import = 2

========================================================================
Received Import Request.
  Time since last request: 0.000015 seconds.
  path: Assets/Palette/cloud_tileset_248.asset
  artifactKey: Guid(193a0760bdb86754d83c251bc6cc6a17) Importer(2089858483,192608db42251d675da83286b1cce702)
Start importing Assets/Palette/cloud_tileset_248.asset using Guid(193a0760bdb86754d83c251bc6cc6a17) Importer(2089858483,192608db42251d675da83286b1cce702) (ScriptedImporter) -> (artifact id: '5074eb389ddb4aea843da06401daef8b') in 0.0064099 seconds
Number of updated asset objects reloaded before import = 0Number of asset objects unloaded after import = 2

========================================================================
Received Import Request.
  Time since last request: 0.000015 seconds.
  path: Assets/Palette/cloud_tileset_210.asset
  artifactKey: Guid(9baa832f6f807bb4e98f17db80634dcd) Importer(2089858483,192608db42251d675da83286b1cce702)
Start importing Assets/Palette/cloud_tileset_210.asset using Guid(9baa832f6f807bb4e98f17db80634dcd) Importer(2089858483,192608db42251d675da83286b1cce702) (ScriptedImporter) -> (artifact id: 'e151ad7d2b951b7e8cc1f2d4b91280b0') in 0.006016 seconds
Number of updated asset objects reloaded before import = 0Number of asset objects unloaded after import = 2

========================================================================
Received Import Request.
  Time since last request: 0.000025 seconds.
  path: Assets/Palette/cloud_tileset_267.asset
  artifactKey: Guid(d93b26f387454da489f7239e62d57829) Importer(2089858483,192608db42251d675da83286b1cce702)
Start importing Assets/Palette/cloud_tileset_267.asset using Guid(d93b26f387454da489f7239e62d57829) Importer(2089858483,192608db42251d675da83286b1cce702) (ScriptedImporter) -> (artifact id: '6e0e7f68aabe9e98dbb634923188db93') in 0.0067982 seconds
Number of updated asset objects reloaded before import = 0Number of asset objects unloaded after import = 2

========================================================================
Received Import Request.
  Time since last request: 0.000028 seconds.
  path: Assets/Palette/cloud_tileset_194.asset
  artifactKey: Guid(8caeaa154132ce744ac8748c9afd3b69) Importer(2089858483,192608db42251d675da83286b1cce702)
Start importing Assets/Palette/cloud_tileset_194.asset using Guid(8caeaa154132ce744ac8748c9afd3b69) Importer(2089858483,192608db42251d675da83286b1cce702) (ScriptedImporter) -> (artifact id: 'ea25a9edd72c92a2113d0ed5ef7ff77b') in 0.0064268 seconds
Number of updated asset objects reloaded before import = 0Number of asset objects unloaded after import = 2

========================================================================
Received Import Request.
  Time since last request: 0.000016 seconds.
  path: Assets/Palette/cloud_tileset_117.asset
  artifactKey: Guid(17669d9a5eb3316409a881312016b18d) Importer(2089858483,192608db42251d675da83286b1cce702)
Start importing Assets/Palette/cloud_tileset_117.asset using Guid(17669d9a5eb3316409a881312016b18d) Importer(2089858483,192608db42251d675da83286b1cce702) (ScriptedImporter) -> (artifact id: 'ee713f1ed418b8860f03d3c08742822d') in 0.006274 seconds
Number of updated asset objects reloaded before import = 0Number of asset objects unloaded after import = 2

========================================================================
Received Import Request.
  Time since last request: 0.000017 seconds.
  path: Assets/Palette/cloud_tileset_353.asset
  artifactKey: Guid(7126cc4d91af6a44e9ebc2a44a7d06eb) Importer(2089858483,192608db42251d675da83286b1cce702)
Start importing Assets/Palette/cloud_tileset_353.asset using Guid(7126cc4d91af6a44e9ebc2a44a7d06eb) Importer(2089858483,192608db42251d675da83286b1cce702) (ScriptedImporter) -> (artifact id: '4b87663838f8ea19bdcdf3ae2e206fd4') in 0.008029 seconds
Number of updated asset objects reloaded before import = 0Number of asset objects unloaded after import = 2

========================================================================
Received Import Request.
  Time since last request: 0.000282 seconds.
  path: Assets/Palette/cloud_tileset_382.asset
  artifactKey: Guid(3e854096491778042abf5b62864a3cce) Importer(2089858483,192608db42251d675da83286b1cce702)
Start importing Assets/Palette/cloud_tileset_382.asset using Guid(3e854096491778042abf5b62864a3cce) Importer(2089858483,192608db42251d675da83286b1cce702) (ScriptedImporter) -> (artifact id: 'cbacdbaec1b0ff240258cfe5e555f9b6') in 0.0080314 seconds
Number of updated asset objects reloaded before import = 0Number of asset objects unloaded after import = 2

========================================================================
Received Import Request.
  Time since last request: 0.000016 seconds.
  path: Assets/Palette/cloud_tileset_394.asset
  artifactKey: Guid(381fd085ae12304419991d54e8a3930f) Importer(2089858483,192608db42251d675da83286b1cce702)
Start importing Assets/Palette/cloud_tileset_394.asset using Guid(381fd085ae12304419991d54e8a3930f) Importer(2089858483,192608db42251d675da83286b1cce702) (ScriptedImporter) -> (artifact id: '791378d0e44bd477922bb954ce2ee36e') in 0.0063174 seconds
Number of updated asset objects reloaded before import = 0Number of asset objects unloaded after import = 2

========================================================================
Received Import Request.
  Time since last request: 0.000019 seconds.
  path: Assets/Palette/cloud_tileset_389.asset
  artifactKey: Guid(f647c36f28c126745baec022e822011e) Importer(2089858483,192608db42251d675da83286b1cce702)
Start importing Assets/Palette/cloud_tileset_389.asset using Guid(f647c36f28c126745baec022e822011e) Importer(2089858483,192608db42251d675da83286b1cce702) (ScriptedImporter) -> (artifact id: '3d7f0ad01def3d15a09eab8c03df5d84') in 0.0061326 seconds
Number of updated asset objects reloaded before import = 0Number of asset objects unloaded after import = 2

========================================================================
Received Import Request.
  Time since last request: 0.000033 seconds.
  path: Assets/Palette/cloud_tileset_338.asset
  artifactKey: Guid(3d922b01da305524ab8f02204008f003) Importer(2089858483,192608db42251d675da83286b1cce702)
Start importing Assets/Palette/cloud_tileset_338.asset using Guid(3d922b01da305524ab8f02204008f003) Importer(2089858483,192608db42251d675da83286b1cce702) (ScriptedImporter) -> (artifact id: '89b4bed44498588e492ab2330429c9d5') in 0.0069396 seconds
Number of updated asset objects reloaded before import = 0Number of asset objects unloaded after import = 2

========================================================================
Received Import Request.
  Time since last request: 0.000019 seconds.
  path: Assets/Palette/cloud_tileset_365.asset
  artifactKey: Guid(7aac020fe3590c44a8c26fb69e317764) Importer(2089858483,192608db42251d675da83286b1cce702)
Start importing Assets/Palette/cloud_tileset_365.asset using Guid(7aac020fe3590c44a8c26fb69e317764) Importer(2089858483,192608db42251d675da83286b1cce702) (ScriptedImporter) -> (artifact id: '53a0f5253e8200172681babf009835f8') in 0.007608 seconds
Number of updated asset objects reloaded before import = 0Number of asset objects unloaded after import = 2

========================================================================
Received Import Request.
  Time since last request: 0.000020 seconds.
  path: Assets/Palette/cloud_tileset_379.asset
  artifactKey: Guid(f2b625b2303c562428eac033946ee884) Importer(2089858483,192608db42251d675da83286b1cce702)
Start importing Assets/Palette/cloud_tileset_379.asset using Guid(f2b625b2303c562428eac033946ee884) Importer(2089858483,192608db42251d675da83286b1cce702) (ScriptedImporter) -> (artifact id: '9aa530ab850cc453ff8985dafc173d20') in 0.0076727 seconds
Number of updated asset objects reloaded before import = 0Number of asset objects unloaded after import = 2

========================================================================
Received Import Request.
  Time since last request: 0.000023 seconds.
  path: Assets/Palette/cloud_tileset_38.asset
  artifactKey: Guid(e8c17115ac48b924c9647d90cce1a3e6) Importer(2089858483,192608db42251d675da83286b1cce702)
Start importing Assets/Palette/cloud_tileset_38.asset using Guid(e8c17115ac48b924c9647d90cce1a3e6) Importer(2089858483,192608db42251d675da83286b1cce702) (ScriptedImporter) -> (artifact id: '62f1691d1db512a7995c79b99f6adee7') in 0.006731 seconds
Number of updated asset objects reloaded before import = 0Number of asset objects unloaded after import = 2

========================================================================
Received Import Request.
  Time since last request: 0.000020 seconds.
  path: Assets/Palette/cloud_tileset_372.asset
  artifactKey: Guid(5acb9a847b13b52458c9bfab4f28feb6) Importer(2089858483,192608db42251d675da83286b1cce702)
Start importing Assets/Palette/cloud_tileset_372.asset using Guid(5acb9a847b13b52458c9bfab4f28feb6) Importer(2089858483,192608db42251d675da83286b1cce702) (ScriptedImporter) -> (artifact id: 'b31e59efe397811e00176f361d605896') in 0.0062456 seconds
Number of updated asset objects reloaded before import = 0Number of asset objects unloaded after import = 2

========================================================================
Received Import Request.
  Time since last request: 0.000025 seconds.
  path: Assets/Palette/cloud_tileset_388.asset
  artifactKey: Guid(74d1e5b181186b54f9119b6714e9444b) Importer(2089858483,192608db42251d675da83286b1cce702)
Start importing Assets/Palette/cloud_tileset_388.asset using Guid(74d1e5b181186b54f9119b6714e9444b) Importer(2089858483,192608db42251d675da83286b1cce702) (ScriptedImporter) -> (artifact id: '358d88ff65c7aef5ae0a8a90e3002893') in 0.0089023 seconds
Number of updated asset objects reloaded before import = 0Number of asset objects unloaded after import = 2

========================================================================
Received Import Request.
  Time since last request: 0.000027 seconds.
  path: Assets/Palette/cloud_tileset_401.asset
  artifactKey: Guid(424d5017f84ee4f49bbfef787a72986d) Importer(2089858483,192608db42251d675da83286b1cce702)
Start importing Assets/Palette/cloud_tileset_401.asset using Guid(424d5017f84ee4f49bbfef787a72986d) Importer(2089858483,192608db42251d675da83286b1cce702) (ScriptedImporter) -> (artifact id: '3ffbb1b063a9dd2f527e537abe909f6d') in 0.0064916 seconds
Number of updated asset objects reloaded before import = 0Number of asset objects unloaded after import = 2

========================================================================
Received Import Request.
  Time since last request: 0.000027 seconds.
  path: Assets/Palette/cloud_tileset_441.asset
  artifactKey: Guid(54a09103b82061447a63f64f46f00c83) Importer(2089858483,192608db42251d675da83286b1cce702)
Start importing Assets/Palette/cloud_tileset_441.asset using Guid(54a09103b82061447a63f64f46f00c83) Importer(2089858483,192608db42251d675da83286b1cce702) (ScriptedImporter) -> (artifact id: '083596376816e01f35d256d86a199195') in 0.007634 seconds
Number of updated asset objects reloaded before import = 0Number of asset objects unloaded after import = 2

========================================================================
Received Import Request.
  Time since last request: 0.000026 seconds.
  path: Assets/Palette/cloud_tileset_438.asset
  artifactKey: Guid(ad96fec28f13e4a4fb77716d2539b505) Importer(2089858483,192608db42251d675da83286b1cce702)
Start importing Assets/Palette/cloud_tileset_438.asset using Guid(ad96fec28f13e4a4fb77716d2539b505) Importer(2089858483,192608db42251d675da83286b1cce702) (ScriptedImporter) -> (artifact id: 'b960fc680bf9d532af6f20e641ba5f9d') in 0.0090404 seconds
Number of updated asset objects reloaded before import = 0Number of asset objects unloaded after import = 2

========================================================================
Received Import Request.
  Time since last request: 0.000017 seconds.
  path: Assets/Palette/cloud_tileset_423.asset
  artifactKey: Guid(2f46abdda833a0a4ead0ea152d01097b) Importer(2089858483,192608db42251d675da83286b1cce702)
Start importing Assets/Palette/cloud_tileset_423.asset using Guid(2f46abdda833a0a4ead0ea152d01097b) Importer(2089858483,192608db42251d675da83286b1cce702) (ScriptedImporter) -> (artifact id: 'd5dae2d00e6640e77992139a925e50aa') in 0.0063097 seconds
Number of updated asset objects reloaded before import = 0Number of asset objects unloaded after import = 2

========================================================================
Received Import Request.
  Time since last request: 0.000018 seconds.
  path: Assets/Palette/cloud_tileset_429.asset
  artifactKey: Guid(7463275a90910d140a4ce10a8fe0e6c5) Importer(2089858483,192608db42251d675da83286b1cce702)
Start importing Assets/Palette/cloud_tileset_429.asset using Guid(7463275a90910d140a4ce10a8fe0e6c5) Importer(2089858483,192608db42251d675da83286b1cce702) (ScriptedImporter) -> (artifact id: 'f7e3bcd09494aaee7ebc493c3c651d3f') in 0.0064691 seconds
Number of updated asset objects reloaded before import = 0Number of asset objects unloaded after import = 2

========================================================================
Received Import Request.
  Time since last request: 0.000020 seconds.
  path: Assets/Palette/cloud_tileset_403.asset
  artifactKey: Guid(470110fdfeca01440b148056f7b10eae) Importer(2089858483,192608db42251d675da83286b1cce702)
Start importing Assets/Palette/cloud_tileset_403.asset using Guid(470110fdfeca01440b148056f7b10eae) Importer(2089858483,192608db42251d675da83286b1cce702) (ScriptedImporter) -> (artifact id: 'cd8d3a03dc5555ef4fee5e0381916411') in 0.0069859 seconds
Number of updated asset objects reloaded before import = 0Number of asset objects unloaded after import = 2

========================================================================
Received Import Request.
  Time since last request: 0.000027 seconds.
  path: Assets/Palette/cloud_tileset_435.asset
  artifactKey: Guid(fbd96a1f7da70b04aaecf5cc13653f41) Importer(2089858483,192608db42251d675da83286b1cce702)
Start importing Assets/Palette/cloud_tileset_435.asset using Guid(fbd96a1f7da70b04aaecf5cc13653f41) Importer(2089858483,192608db42251d675da83286b1cce702) (ScriptedImporter) -> (artifact id: 'd50484a0cce8b7a088a97dfdc7bac871') in 0.0102329 seconds
Number of updated asset objects reloaded before import = 0Number of asset objects unloaded after import = 2

========================================================================
Received Import Request.
  Time since last request: 0.000019 seconds.
  path: Assets/Palette/cloud_tileset_44.asset
  artifactKey: Guid(64c6a1e14bd3cf243b096971709c4cbe) Importer(2089858483,192608db42251d675da83286b1cce702)
Start importing Assets/Palette/cloud_tileset_44.asset using Guid(64c6a1e14bd3cf243b096971709c4cbe) Importer(2089858483,192608db42251d675da83286b1cce702) (ScriptedImporter) -> (artifact id: 'bbbc71dba5011fca37de7bc19285620c') in 0.0071586 seconds
Number of updated asset objects reloaded before import = 0Number of asset objects unloaded after import = 2

========================================================================
Received Import Request.
  Time since last request: 0.000019 seconds.
  path: Assets/Palette/cloud_tileset_418.asset
  artifactKey: Guid(1986033c9898d134ebcab29e5c3ac85b) Importer(2089858483,192608db42251d675da83286b1cce702)
Start importing Assets/Palette/cloud_tileset_418.asset using Guid(1986033c9898d134ebcab29e5c3ac85b) Importer(2089858483,192608db42251d675da83286b1cce702) (ScriptedImporter) -> (artifact id: 'e9ac1bc60e9565d21ed7b3bb48ced8de') in 0.0074135 seconds
Number of updated asset objects reloaded before import = 0Number of asset objects unloaded after import = 2

========================================================================
Received Import Request.
  Time since last request: 0.000018 seconds.
  path: Assets/Palette/cloud_tileset_373.asset
  artifactKey: Guid(8d1187db160257d4c95bb62a8e5a5983) Importer(2089858483,192608db42251d675da83286b1cce702)
Start importing Assets/Palette/cloud_tileset_373.asset using Guid(8d1187db160257d4c95bb62a8e5a5983) Importer(2089858483,192608db42251d675da83286b1cce702) (ScriptedImporter) -> (artifact id: '616d5e13d815abbbd78e0b23b3d46fb5') in 0.0077432 seconds
Number of updated asset objects reloaded before import = 0Number of asset objects unloaded after import = 2

========================================================================
Received Import Request.
  Time since last request: 0.000026 seconds.
  path: Assets/Palette/cloud_tileset_407.asset
  artifactKey: Guid(40e7a71bca41bbd44b8564cebd24a62a) Importer(2089858483,192608db42251d675da83286b1cce702)
Start importing Assets/Palette/cloud_tileset_407.asset using Guid(40e7a71bca41bbd44b8564cebd24a62a) Importer(2089858483,192608db42251d675da83286b1cce702) (ScriptedImporter) -> (artifact id: 'db3ae54bc23c14d962abec7c513743c8') in 0.0069664 seconds
Number of updated asset objects reloaded before import = 0Number of asset objects unloaded after import = 2

========================================================================
Received Import Request.
  Time since last request: 0.000019 seconds.
  path: Assets/Palette/cloud_tileset_410.asset
  artifactKey: Guid(4ccc1108098df8a4983b3e4896d6f3ff) Importer(2089858483,192608db42251d675da83286b1cce702)
Start importing Assets/Palette/cloud_tileset_410.asset using Guid(4ccc1108098df8a4983b3e4896d6f3ff) Importer(2089858483,192608db42251d675da83286b1cce702) (ScriptedImporter) -> (artifact id: 'b0d9db6f0920f7948078fa70e0fd1a5a') in 0.0068492 seconds
Number of updated asset objects reloaded before import = 0Number of asset objects unloaded after import = 2

========================================================================
Received Import Request.
  Time since last request: 0.000029 seconds.
  path: Assets/Palette/cloud_tileset_464.asset
  artifactKey: Guid(65cac083d85721f48af858130483aeb9) Importer(2089858483,192608db42251d675da83286b1cce702)
Start importing Assets/Palette/cloud_tileset_464.asset using Guid(65cac083d85721f48af858130483aeb9) Importer(2089858483,192608db42251d675da83286b1cce702) (ScriptedImporter) -> (artifact id: '0eb1d7b4b349231f9fa6ff450ac4958e') in 0.0081426 seconds
Number of updated asset objects reloaded before import = 0Number of asset objects unloaded after import = 2

========================================================================
Received Import Request.
  Time since last request: 0.000023 seconds.
  path: Assets/Palette/cloud_tileset_472.asset
  artifactKey: Guid(7748008a6a646224884a1fa645d37a96) Importer(2089858483,192608db42251d675da83286b1cce702)
Start importing Assets/Palette/cloud_tileset_472.asset using Guid(7748008a6a646224884a1fa645d37a96) Importer(2089858483,192608db42251d675da83286b1cce702) (ScriptedImporter) -> (artifact id: 'f796304054d558910e138c00bc100438') in 0.0080991 seconds
Number of updated asset objects reloaded before import = 0Number of asset objects unloaded after import = 2

========================================================================
Received Import Request.
  Time since last request: 0.000020 seconds.
  path: Assets/Palette/cloud_tileset_477.asset
  artifactKey: Guid(1d50ac239a8110f43bb69198be82908b) Importer(2089858483,192608db42251d675da83286b1cce702)
Start importing Assets/Palette/cloud_tileset_477.asset using Guid(1d50ac239a8110f43bb69198be82908b) Importer(2089858483,192608db42251d675da83286b1cce702) (ScriptedImporter) -> (artifact id: '751d8a15d5b64d8d1990267dd2b39fb8') in 0.0102542 seconds
Number of updated asset objects reloaded before import = 0Number of asset objects unloaded after import = 2

========================================================================
Received Import Request.
  Time since last request: 0.000024 seconds.
  path: Assets/Palette/cloud_tileset_452.asset
  artifactKey: Guid(99fb1f269a6afa249abf735f0bc7fbba) Importer(2089858483,192608db42251d675da83286b1cce702)
Start importing Assets/Palette/cloud_tileset_452.asset using Guid(99fb1f269a6afa249abf735f0bc7fbba) Importer(2089858483,192608db42251d675da83286b1cce702) (ScriptedImporter) -> (artifact id: 'daa418d56e5079428405c67a44af37f3') in 0.0071355 seconds
Number of updated asset objects reloaded before import = 0Number of asset objects unloaded after import = 2

========================================================================
Received Import Request.
  Time since last request: 0.000024 seconds.
  path: Assets/Palette/cloud_tileset_459.asset
  artifactKey: Guid(4b8e788827ea2ab45886d10d3c1f9faf) Importer(2089858483,192608db42251d675da83286b1cce702)
Start importing Assets/Palette/cloud_tileset_459.asset using Guid(4b8e788827ea2ab45886d10d3c1f9faf) Importer(2089858483,192608db42251d675da83286b1cce702) (ScriptedImporter) -> (artifact id: '8bb4fb106b03edccce65dbfb0e61427d') in 0.0071991 seconds
Number of updated asset objects reloaded before import = 0Number of asset objects unloaded after import = 2

========================================================================
Received Import Request.
  Time since last request: 0.000022 seconds.
  path: Assets/Palette/cloud_tileset_463.asset
  artifactKey: Guid(2a3854954bcd685469a781b28f2efc9e) Importer(2089858483,192608db42251d675da83286b1cce702)
Start importing Assets/Palette/cloud_tileset_463.asset using Guid(2a3854954bcd685469a781b28f2efc9e) Importer(2089858483,192608db42251d675da83286b1cce702) (ScriptedImporter) -> (artifact id: 'a6b2a6dc2a31da10ec5ab9f784f419cc') in 0.0063827 seconds
Number of updated asset objects reloaded before import = 0Number of asset objects unloaded after import = 2

========================================================================
Received Import Request.
  Time since last request: 0.000026 seconds.
  path: Assets/Palette/cloud_tileset_449.asset
  artifactKey: Guid(5980088cda945e3469b92e9c84278541) Importer(2089858483,192608db42251d675da83286b1cce702)
Start importing Assets/Palette/cloud_tileset_449.asset using Guid(5980088cda945e3469b92e9c84278541) Importer(2089858483,192608db42251d675da83286b1cce702) (ScriptedImporter) -> (artifact id: 'dd2a5c530a354bb5ced6dc1cfb6831f4') in 0.0067705 seconds
Number of updated asset objects reloaded before import = 0Number of asset objects unloaded after import = 2

========================================================================
Received Import Request.
  Time since last request: 0.000021 seconds.
  path: Assets/Palette/cloud_tileset_475.asset
  artifactKey: Guid(38ad9e0a2551efe44b04af1ba18136a8) Importer(2089858483,192608db42251d675da83286b1cce702)
Start importing Assets/Palette/cloud_tileset_475.asset using Guid(38ad9e0a2551efe44b04af1ba18136a8) Importer(2089858483,192608db42251d675da83286b1cce702) (ScriptedImporter) -> (artifact id: 'e8d9a7e75247652df8ce768298300387') in 0.0057711 seconds
Number of updated asset objects reloaded before import = 0Number of asset objects unloaded after import = 2

========================================================================
Received Import Request.
  Time since last request: 0.000014 seconds.
  path: Assets/Palette/cloud_tileset_444.asset
  artifactKey: Guid(419e778d646a89d42878de7303c82361) Importer(2089858483,192608db42251d675da83286b1cce702)
Start importing Assets/Palette/cloud_tileset_444.asset using Guid(419e778d646a89d42878de7303c82361) Importer(2089858483,192608db42251d675da83286b1cce702) (ScriptedImporter) -> (artifact id: '90e5695ab5769b4ece60bd73d799b43a') in 0.0065119 seconds
Number of updated asset objects reloaded before import = 0Number of asset objects unloaded after import = 2

========================================================================
Received Import Request.
  Time since last request: 0.000016 seconds.
  path: Assets/Palette/cloud_tileset_346.asset
  artifactKey: Guid(1f7c6d486493b00449b3fef864d5bad6) Importer(2089858483,192608db42251d675da83286b1cce702)
Start importing Assets/Palette/cloud_tileset_346.asset using Guid(1f7c6d486493b00449b3fef864d5bad6) Importer(2089858483,192608db42251d675da83286b1cce702) (ScriptedImporter) -> (artifact id: '7c7ba2f5801db414b9960e8f31dd5b93') in 0.0065296 seconds
Number of updated asset objects reloaded before import = 0Number of asset objects unloaded after import = 2

========================================================================
Received Import Request.
  Time since last request: 0.000019 seconds.
  path: Assets/Palette/cloud_tileset_351.asset
  artifactKey: Guid(fdc6618e5ea8a8640af59709058560a1) Importer(2089858483,192608db42251d675da83286b1cce702)
Start importing Assets/Palette/cloud_tileset_351.asset using Guid(fdc6618e5ea8a8640af59709058560a1) Importer(2089858483,192608db42251d675da83286b1cce702) (ScriptedImporter) -> (artifact id: '5b2c5c28cd859303eab352a50b88ee54') in 0.0088624 seconds
Number of updated asset objects reloaded before import = 0Number of asset objects unloaded after import = 2

========================================================================
Received Import Request.
  Time since last request: 0.000020 seconds.
  path: Assets/Palette/cloud_tileset_143.asset
  artifactKey: Guid(93de29f03b5b04e4e849df04cf6fcf75) Importer(2089858483,192608db42251d675da83286b1cce702)
Start importing Assets/Palette/cloud_tileset_143.asset using Guid(93de29f03b5b04e4e849df04cf6fcf75) Importer(2089858483,192608db42251d675da83286b1cce702) (ScriptedImporter) -> (artifact id: '8ce4fce9335b73ac6577cda539545310') in 0.0089565 seconds
Number of updated asset objects reloaded before import = 0Number of asset objects unloaded after import = 2

========================================================================
Received Import Request.
  Time since last request: 0.000028 seconds.
  path: Assets/Palette/cloud_tileset_53.asset
  artifactKey: Guid(bb2cba10c1f9b9d4eb2cd33ad1093303) Importer(2089858483,192608db42251d675da83286b1cce702)
Start importing Assets/Palette/cloud_tileset_53.asset using Guid(bb2cba10c1f9b9d4eb2cd33ad1093303) Importer(2089858483,192608db42251d675da83286b1cce702) (ScriptedImporter) -> (artifact id: 'd8a259d2e8791d9b90ac39f395cc0a73') in 0.0058183 seconds
Number of updated asset objects reloaded before import = 0Number of asset objects unloaded after import = 2

========================================================================
Received Import Request.
  Time since last request: 0.000019 seconds.
  path: Assets/Palette/cloud_tileset_502.asset
  artifactKey: Guid(24c987d616a3a154a88b7992c68de20d) Importer(2089858483,192608db42251d675da83286b1cce702)
Start importing Assets/Palette/cloud_tileset_502.asset using Guid(24c987d616a3a154a88b7992c68de20d) Importer(2089858483,192608db42251d675da83286b1cce702) (ScriptedImporter) -> (artifact id: 'd0aaaccc63a0b03c24fe39a203e7ae44') in 0.0063193 seconds
Number of updated asset objects reloaded before import = 0Number of asset objects unloaded after import = 2

========================================================================
Received Import Request.
  Time since last request: 0.000017 seconds.
  path: Assets/Palette/cloud_tileset_483.asset
  artifactKey: Guid(2e76fa9a0ac201a49bfd42cd9da7e8f9) Importer(2089858483,192608db42251d675da83286b1cce702)
Start importing Assets/Palette/cloud_tileset_483.asset using Guid(2e76fa9a0ac201a49bfd42cd9da7e8f9) Importer(2089858483,192608db42251d675da83286b1cce702) (ScriptedImporter) -> (artifact id: '2dd3ed01ff27db0a21ac7e22fc30135e') in 0.0062413 seconds
Number of updated asset objects reloaded before import = 0Number of asset objects unloaded after import = 2

========================================================================
Received Import Request.
  Time since last request: 0.000016 seconds.
  path: Assets/Palette/cloud_tileset_513.asset
  artifactKey: Guid(9112e3e08c5cfd248ad9af6595543404) Importer(2089858483,192608db42251d675da83286b1cce702)
Start importing Assets/Palette/cloud_tileset_513.asset using Guid(9112e3e08c5cfd248ad9af6595543404) Importer(2089858483,192608db42251d675da83286b1cce702) (ScriptedImporter) -> (artifact id: '0d7e0341b1fa0e9d4d92daecaa0f774d') in 0.0059918 seconds
Number of updated asset objects reloaded before import = 0Number of asset objects unloaded after import = 2

========================================================================
Received Import Request.
  Time since last request: 0.000021 seconds.
  path: Assets/Palette/cloud_tileset_511.asset
  artifactKey: Guid(2d47cf9f76d61e7479cbb2b73b6ecc4e) Importer(2089858483,192608db42251d675da83286b1cce702)
Start importing Assets/Palette/cloud_tileset_511.asset using Guid(2d47cf9f76d61e7479cbb2b73b6ecc4e) Importer(2089858483,192608db42251d675da83286b1cce702) (ScriptedImporter) -> (artifact id: '9d847b0797b62a15f7995494b6402acd') in 0.0071912 seconds
Number of updated asset objects reloaded before import = 0Number of asset objects unloaded after import = 2

========================================================================
Received Import Request.
  Time since last request: 0.000025 seconds.
  path: Assets/Palette/cloud_tileset_56.asset
  artifactKey: Guid(d22d884423d15ca43b5b014d367c3298) Importer(2089858483,192608db42251d675da83286b1cce702)
Start importing Assets/Palette/cloud_tileset_56.asset using Guid(d22d884423d15ca43b5b014d367c3298) Importer(2089858483,192608db42251d675da83286b1cce702) (ScriptedImporter) -> (artifact id: 'e90c00e99d002a8b5cdbb7a4c1cab91e') in 0.0075607 seconds
Number of updated asset objects reloaded before import = 0Number of asset objects unloaded after import = 2

========================================================================
Received Import Request.
  Time since last request: 0.000031 seconds.
  path: Assets/Palette/cloud_tileset_515.asset
  artifactKey: Guid(185fa29afd425fe4bb14443d80b05faf) Importer(2089858483,192608db42251d675da83286b1cce702)
Start importing Assets/Palette/cloud_tileset_515.asset using Guid(185fa29afd425fe4bb14443d80b05faf) Importer(2089858483,192608db42251d675da83286b1cce702) (ScriptedImporter) -> (artifact id: 'db5a93e0c972c43a52d5ba37e168b240') in 0.0083299 seconds
Number of updated asset objects reloaded before import = 0Number of asset objects unloaded after import = 2

========================================================================
Received Import Request.
  Time since last request: 0.000016 seconds.
  path: Assets/Palette/cloud_tileset_504.asset
  artifactKey: Guid(2dd96636970bbdb4fa8d8df18bcec2f2) Importer(2089858483,192608db42251d675da83286b1cce702)
Start importing Assets/Palette/cloud_tileset_504.asset using Guid(2dd96636970bbdb4fa8d8df18bcec2f2) Importer(2089858483,192608db42251d675da83286b1cce702) (ScriptedImporter) -> (artifact id: 'd796b61e8f8b16e8d64161c2e6b1b76b') in 0.0056414 seconds
Number of updated asset objects reloaded before import = 0Number of asset objects unloaded after import = 2

========================================================================
Received Import Request.
  Time since last request: 0.000018 seconds.
  path: Assets/Palette/cloud_tileset_52.asset
  artifactKey: Guid(0ae3c3c35ad0732428a45a9b5fca9209) Importer(2089858483,192608db42251d675da83286b1cce702)
Start importing Assets/Palette/cloud_tileset_52.asset using Guid(0ae3c3c35ad0732428a45a9b5fca9209) Importer(2089858483,192608db42251d675da83286b1cce702) (ScriptedImporter) -> (artifact id: 'f235c7cf3b1b4087b0957109c29c009b') in 0.0059576 seconds
Number of updated asset objects reloaded before import = 0Number of asset objects unloaded after import = 2

========================================================================
Received Import Request.
  Time since last request: 0.000017 seconds.
  path: Assets/Palette/cloud_tileset_455.asset
  artifactKey: Guid(0f55dc557b581cc40abf770e4c48e81d) Importer(2089858483,192608db42251d675da83286b1cce702)
Start importing Assets/Palette/cloud_tileset_455.asset using Guid(0f55dc557b581cc40abf770e4c48e81d) Importer(2089858483,192608db42251d675da83286b1cce702) (ScriptedImporter) -> (artifact id: 'f64a520fa8737698713b7a88732c99a6') in 0.0058781 seconds
Number of updated asset objects reloaded before import = 0Number of asset objects unloaded after import = 2

========================================================================
Received Import Request.
  Time since last request: 0.000017 seconds.
  path: Assets/Palette/cloud_tileset_420.asset
  artifactKey: Guid(41818314d29523e4e804abd3be676200) Importer(2089858483,192608db42251d675da83286b1cce702)
Start importing Assets/Palette/cloud_tileset_420.asset using Guid(41818314d29523e4e804abd3be676200) Importer(2089858483,192608db42251d675da83286b1cce702) (ScriptedImporter) -> (artifact id: '3a9bf600a8a2018d578de352c52549a2') in 0.0063106 seconds
Number of updated asset objects reloaded before import = 0Number of asset objects unloaded after import = 2

========================================================================
Received Import Request.
  Time since last request: 0.000017 seconds.
  path: Assets/Palette/cloud_tileset_40.asset
  artifactKey: Guid(ac722b09ed5c3654eacac9aa87517966) Importer(2089858483,192608db42251d675da83286b1cce702)
Start importing Assets/Palette/cloud_tileset_40.asset using Guid(ac722b09ed5c3654eacac9aa87517966) Importer(2089858483,192608db42251d675da83286b1cce702) (ScriptedImporter) -> (artifact id: 'a2366076fc70b70d3a211778d0f99aa0') in 0.0061669 seconds
Number of updated asset objects reloaded before import = 0Number of asset objects unloaded after import = 2

========================================================================
Received Import Request.
  Time since last request: 0.000019 seconds.
  path: Assets/Palette/cloud_tileset_85.asset
  artifactKey: Guid(08b47e10d6e0a484094dc17f5541e7b8) Importer(2089858483,192608db42251d675da83286b1cce702)
Start importing Assets/Palette/cloud_tileset_85.asset using Guid(08b47e10d6e0a484094dc17f5541e7b8) Importer(2089858483,192608db42251d675da83286b1cce702) (ScriptedImporter) -> (artifact id: '28a30ab2fb9f2e0917b5638d1c934103') in 0.0063974 seconds
Number of updated asset objects reloaded before import = 0Number of asset objects unloaded after import = 2

========================================================================
Received Import Request.
  Time since last request: 0.000035 seconds.
  path: Assets/Palette/cloud_tileset_77.asset
  artifactKey: Guid(efa3bed0d4cbc834bad99bd3b7e255ac) Importer(2089858483,192608db42251d675da83286b1cce702)
Start importing Assets/Palette/cloud_tileset_77.asset using Guid(efa3bed0d4cbc834bad99bd3b7e255ac) Importer(2089858483,192608db42251d675da83286b1cce702) (ScriptedImporter) -> (artifact id: '0b9b100535782fa7710e9bbea9e0255e') in 0.0073622 seconds
Number of updated asset objects reloaded before import = 0Number of asset objects unloaded after import = 2

========================================================================
Received Import Request.
  Time since last request: 0.000016 seconds.
  path: Assets/Palette/cloud_tileset_94.asset
  artifactKey: Guid(af86be846d50f274e8390767e52c5598) Importer(2089858483,192608db42251d675da83286b1cce702)
Start importing Assets/Palette/cloud_tileset_94.asset using Guid(af86be846d50f274e8390767e52c5598) Importer(2089858483,192608db42251d675da83286b1cce702) (ScriptedImporter) -> (artifact id: 'd80dfcbb71f3819c3cb309a4fc6156ef') in 0.0087046 seconds
Number of updated asset objects reloaded before import = 0Number of asset objects unloaded after import = 2

========================================================================
Received Import Request.
  Time since last request: 0.000016 seconds.
  path: Assets/Palette/cloud_tileset_8.asset
  artifactKey: Guid(1a64b7262f0b3a746b09781b73c52042) Importer(2089858483,192608db42251d675da83286b1cce702)
Start importing Assets/Palette/cloud_tileset_8.asset using Guid(1a64b7262f0b3a746b09781b73c52042) Importer(2089858483,192608db42251d675da83286b1cce702) (ScriptedImporter) -> (artifact id: 'fefffb1d56fa39fbc9525fe8b87aca0a') in 0.0061896 seconds
Number of updated asset objects reloaded before import = 0Number of asset objects unloaded after import = 2

========================================================================
Received Import Request.
  Time since last request: 0.000016 seconds.
  path: Assets/Palette/cloud_tileset_86.asset
  artifactKey: Guid(93a151ee0ee323b469b2f67ca96b8daf) Importer(2089858483,192608db42251d675da83286b1cce702)
Start importing Assets/Palette/cloud_tileset_86.asset using Guid(93a151ee0ee323b469b2f67ca96b8daf) Importer(2089858483,192608db42251d675da83286b1cce702) (ScriptedImporter) -> (artifact id: 'f750285984cb28cc9b696df4afdab4b2') in 0.0062772 seconds
Number of updated asset objects reloaded before import = 0Number of asset objects unloaded after import = 2

========================================================================
Received Import Request.
  Time since last request: 0.000024 seconds.
  path: Assets/Palette/cloud_tileset_96.asset
  artifactKey: Guid(f462f548d4102ab42b510ffa8d928549) Importer(2089858483,192608db42251d675da83286b1cce702)
Start importing Assets/Palette/cloud_tileset_96.asset using Guid(f462f548d4102ab42b510ffa8d928549) Importer(2089858483,192608db42251d675da83286b1cce702) (ScriptedImporter) -> (artifact id: '6306269f52d1db3b5401dbf15eaffcaa') in 0.0065018 seconds
Number of updated asset objects reloaded before import = 0Number of asset objects unloaded after import = 2

========================================================================
Received Import Request.
  Time since last request: 0.000019 seconds.
  path: Assets/Palette/cloud_tileset_74.asset
  artifactKey: Guid(d381f1575abcb2442b51486ff4f290e4) Importer(2089858483,192608db42251d675da83286b1cce702)
Start importing Assets/Palette/cloud_tileset_74.asset using Guid(d381f1575abcb2442b51486ff4f290e4) Importer(2089858483,192608db42251d675da83286b1cce702) (ScriptedImporter) -> (artifact id: 'adfb73e1c3ba1598372ba8fe5643e594') in 0.0065228 seconds
Number of updated asset objects reloaded before import = 0Number of asset objects unloaded after import = 2

========================================================================
Received Import Request.
  Time since last request: 0.000033 seconds.
  path: Assets/Palette/cloud_tileset_63.asset
  artifactKey: Guid(1cd658f0bada8524eae377dee524120c) Importer(2089858483,192608db42251d675da83286b1cce702)
Start importing Assets/Palette/cloud_tileset_63.asset using Guid(1cd658f0bada8524eae377dee524120c) Importer(2089858483,192608db42251d675da83286b1cce702) (ScriptedImporter) -> (artifact id: '0c9c42f74fa2b6d250031e97c9237840') in 0.0074615 seconds
Number of updated asset objects reloaded before import = 0Number of asset objects unloaded after import = 2

========================================================================
Received Import Request.
  Time since last request: 0.000017 seconds.
  path: Assets/Palette/cloud_tileset_97.asset
  artifactKey: Guid(74f63fc9f3aac704c9d3c0d650b656e9) Importer(2089858483,192608db42251d675da83286b1cce702)
Start importing Assets/Palette/cloud_tileset_97.asset using Guid(74f63fc9f3aac704c9d3c0d650b656e9) Importer(2089858483,192608db42251d675da83286b1cce702) (ScriptedImporter) -> (artifact id: 'acd2e4f857fbc07627f88174e2384db1') in 0.0059612 seconds
Number of updated asset objects reloaded before import = 0Number of asset objects unloaded after import = 2

========================================================================
Received Import Request.
  Time since last request: 0.000016 seconds.
  path: Assets/Palette/cloud_tileset_64.asset
  artifactKey: Guid(222bd6f4cdf38054ca95146092c421c0) Importer(2089858483,192608db42251d675da83286b1cce702)
Start importing Assets/Palette/cloud_tileset_64.asset using Guid(222bd6f4cdf38054ca95146092c421c0) Importer(2089858483,192608db42251d675da83286b1cce702) (ScriptedImporter) -> (artifact id: 'a4564b266ef8c40863f2704ce8fd2398') in 0.0068784 seconds
Number of updated asset objects reloaded before import = 0Number of asset objects unloaded after import = 2

========================================================================
Received Import Request.
  Time since last request: 0.000016 seconds.
  path: Assets/Palette/cloud_tileset_6.asset
  artifactKey: Guid(1f9c93c8549136e48be9ebec3742ad9a) Importer(2089858483,192608db42251d675da83286b1cce702)
Start importing Assets/Palette/cloud_tileset_6.asset using Guid(1f9c93c8549136e48be9ebec3742ad9a) Importer(2089858483,192608db42251d675da83286b1cce702) (ScriptedImporter) -> (artifact id: '0b1781f380560ef328e51732c6d5b989') in 0.0086865 seconds
Number of updated asset objects reloaded before import = 0Number of asset objects unloaded after import = 2

========================================================================
Received Import Request.
  Time since last request: 0.000027 seconds.
  path: Assets/Palette/cloud_tileset_416.asset
  artifactKey: Guid(c7962ca8d1a9d564fb658a1c4e5e3c3e) Importer(2089858483,192608db42251d675da83286b1cce702)
Start importing Assets/Palette/cloud_tileset_416.asset using Guid(c7962ca8d1a9d564fb658a1c4e5e3c3e) Importer(2089858483,192608db42251d675da83286b1cce702) (ScriptedImporter) -> (artifact id: '87bdd381142b58548631fb12ca51ced9') in 0.0062784 seconds
Number of updated asset objects reloaded before import = 0Number of asset objects unloaded after import = 2

========================================================================
Received Import Request.
  Time since last request: 0.000016 seconds.
  path: Assets/Settings/Renderer2D.asset
  artifactKey: Guid(424799608f7334c24bf367e4bbfa7f9a) Importer(2089858483,192608db42251d675da83286b1cce702)
Start importing Assets/Settings/Renderer2D.asset using Guid(424799608f7334c24bf367e4bbfa7f9a) Importer(2089858483,192608db42251d675da83286b1cce702) (ScriptedImporter) -> (artifact id: '15bfa140568906eb3995e80dbf01f898') in 0.0311865 seconds
Number of updated asset objects reloaded before import = 0Number of asset objects unloaded after import = 1

========================================================================
Received Import Request.
  Time since last request: 0.000020 seconds.
  path: Assets/Res/Monster/guitar-move-6.png
  artifactKey: Guid(8570db324b1710847b8db1f761af5735) Importer(2089858483,192608db42251d675da83286b1cce702)
Start importing Assets/Res/Monster/guitar-move-6.png using Guid(8570db324b1710847b8db1f761af5735) Importer(2089858483,192608db42251d675da83286b1cce702) (ScriptedImporter) -> (artifact id: '94d0e2613d50e58fcfd6b1e572ee4c1b') in 0.0413537 seconds
Number of updated asset objects reloaded before import = 0Number of asset objects unloaded after import = 3

========================================================================
Received Import Request.
  Time since last request: 0.000036 seconds.
  path: Assets/Res/Monster/guitar-move-8.png
  artifactKey: Guid(fde2ae8a51205d94f864d31e03772f88) Importer(2089858483,192608db42251d675da83286b1cce702)
Start importing Assets/Res/Monster/guitar-move-8.png using Guid(fde2ae8a51205d94f864d31e03772f88) Importer(2089858483,192608db42251d675da83286b1cce702) (ScriptedImporter) -> (artifact id: '2c900506fb3c84ed28aa8018c2bf61c3') in 0.0174144 seconds
Number of updated asset objects reloaded before import = 0Number of asset objects unloaded after import = 3

========================================================================
Received Import Request.
  Time since last request: 0.000037 seconds.
  path: Assets/Res/Monster/guitar-move-2.png
  artifactKey: Guid(2798d4b7913e1424bb557e6c93d79673) Importer(2089858483,192608db42251d675da83286b1cce702)
Start importing Assets/Res/Monster/guitar-move-2.png using Guid(2798d4b7913e1424bb557e6c93d79673) Importer(2089858483,192608db42251d675da83286b1cce702) (ScriptedImporter) -> (artifact id: 'a569729b793b63c6f2b8e098a9c37b45') in 0.0236692 seconds
Number of updated asset objects reloaded before import = 0Number of asset objects unloaded after import = 3

========================================================================
Received Import Request.
  Time since last request: 0.000020 seconds.
  path: Assets/Res/Monster/guitar-move-4.png
  artifactKey: Guid(06b9db26184d7074c8625321cca4420b) Importer(2089858483,192608db42251d675da83286b1cce702)
Start importing Assets/Res/Monster/guitar-move-4.png using Guid(06b9db26184d7074c8625321cca4420b) Importer(2089858483,192608db42251d675da83286b1cce702) (ScriptedImporter) -> (artifact id: 'd4d3468b28aba3d4b00c4fdef35a1acd') in 0.0115592 seconds
Number of updated asset objects reloaded before import = 0Number of asset objects unloaded after import = 3

========================================================================
Received Import Request.
  Time since last request: 0.000017 seconds.
  path: Assets/Res/Character/README.md
  artifactKey: Guid(3f2a99aafaa3b0e418c6d286e86e5183) Importer(2089858483,192608db42251d675da83286b1cce702)
Start importing Assets/Res/Character/README.md using Guid(3f2a99aafaa3b0e418c6d286e86e5183) Importer(2089858483,192608db42251d675da83286b1cce702) (ScriptedImporter) -> (artifact id: 'ffa7962eff79bdcaa364a443b94ecc35') in 0.0049473 seconds
Number of updated asset objects reloaded before import = 0Number of asset objects unloaded after import = 1

========================================================================
Received Import Request.
  Time since last request: 0.000020 seconds.
  path: Assets/Res/Character/character.png
  artifactKey: Guid(82ee6d5365622b842bf3426e83086df8) Importer(2089858483,192608db42251d675da83286b1cce702)
Start importing Assets/Res/Character/character.png using Guid(82ee6d5365622b842bf3426e83086df8) Importer(2089858483,192608db42251d675da83286b1cce702) (ScriptedImporter) -> (artifact id: '66060f42158de361fcc7e7cf6877665c') in 0.1051502 seconds
Number of updated asset objects reloaded before import = 0Number of asset objects unloaded after import = 80

========================================================================
Received Import Request.
  Time since last request: 0.000026 seconds.
  path: Assets/Palette/cloud_tileset_383.asset
  artifactKey: Guid(e2cbe3428e60bef4d9473da8a373db02) Importer(2089858483,192608db42251d675da83286b1cce702)
Start importing Assets/Palette/cloud_tileset_383.asset using Guid(e2cbe3428e60bef4d9473da8a373db02) Importer(2089858483,192608db42251d675da83286b1cce702) (ScriptedImporter) -> (artifact id: '6e6b0006fc26721840a1c8a5d618c22e') in 0.0073163 seconds
Number of updated asset objects reloaded before import = 0Number of asset objects unloaded after import = 2

========================================================================
Received Import Request.
  Time since last request: 0.000017 seconds.
  path: Assets/Palette/cloud_tileset_376.asset
  artifactKey: Guid(267bdfa0b2d19d849b5263829279d807) Importer(2089858483,192608db42251d675da83286b1cce702)
Start importing Assets/Palette/cloud_tileset_376.asset using Guid(267bdfa0b2d19d849b5263829279d807) Importer(2089858483,192608db42251d675da83286b1cce702) (ScriptedImporter) -> (artifact id: '0f0e0c6cc9260dd1f0860ac7ad949bed') in 0.0063569 seconds
Number of updated asset objects reloaded before import = 0Number of asset objects unloaded after import = 2

========================================================================
Received Import Request.
  Time since last request: 0.000016 seconds.
  path: Assets/Palette/cloud_tileset_405.asset
  artifactKey: Guid(55642ccd0f3b252468d6aec33d98e886) Importer(2089858483,192608db42251d675da83286b1cce702)
Start importing Assets/Palette/cloud_tileset_405.asset using Guid(55642ccd0f3b252468d6aec33d98e886) Importer(2089858483,192608db42251d675da83286b1cce702) (ScriptedImporter) -> (artifact id: '43ae6ea06439b50323749c598b1c8d2a') in 0.0060834 seconds
Number of updated asset objects reloaded before import = 0Number of asset objects unloaded after import = 2

========================================================================
Received Import Request.
  Time since last request: 0.000014 seconds.
  path: Assets/Palette/cloud_tileset_430.asset
  artifactKey: Guid(2b0398a418fb9b349aab4746dc5c4f1b) Importer(2089858483,192608db42251d675da83286b1cce702)
Start importing Assets/Palette/cloud_tileset_430.asset using Guid(2b0398a418fb9b349aab4746dc5c4f1b) Importer(2089858483,192608db42251d675da83286b1cce702) (ScriptedImporter) -> (artifact id: '4532585b1ee3af840270340e900da67d') in 0.0079359 seconds
Number of updated asset objects reloaded before import = 0Number of asset objects unloaded after import = 2

========================================================================
Received Import Request.
  Time since last request: 0.000019 seconds.
  path: Assets/Palette/cloud_tileset_514.asset
  artifactKey: Guid(658bc4a100a2e5e488cfd3e98f98a11e) Importer(2089858483,192608db42251d675da83286b1cce702)
Start importing Assets/Palette/cloud_tileset_514.asset using Guid(658bc4a100a2e5e488cfd3e98f98a11e) Importer(2089858483,192608db42251d675da83286b1cce702) (ScriptedImporter) -> (artifact id: 'dfc6a6612b91ed8d392057be4848edf1') in 0.0063049 seconds
Number of updated asset objects reloaded before import = 0Number of asset objects unloaded after import = 2

========================================================================
Received Import Request.
  Time since last request: 0.000019 seconds.
  path: Assets/Palette/cloud_tileset_32.asset
  artifactKey: Guid(4c2acf3f322ad2645ae3f39651e86d1c) Importer(2089858483,192608db42251d675da83286b1cce702)
Start importing Assets/Palette/cloud_tileset_32.asset using Guid(4c2acf3f322ad2645ae3f39651e86d1c) Importer(2089858483,192608db42251d675da83286b1cce702) (ScriptedImporter) -> (artifact id: '634edb5599b627241e0eeef2a9156449') in 0.0077019 seconds
Number of updated asset objects reloaded before import = 0Number of asset objects unloaded after import = 2

========================================================================
Received Import Request.
  Time since last request: 0.000028 seconds.
  path: Assets/Palette/cloud_tileset_361.asset
  artifactKey: Guid(20b1983425e81f949858b9627ace1468) Importer(2089858483,192608db42251d675da83286b1cce702)
Start importing Assets/Palette/cloud_tileset_361.asset using Guid(20b1983425e81f949858b9627ace1468) Importer(2089858483,192608db42251d675da83286b1cce702) (ScriptedImporter) -> (artifact id: 'b09b7a2a54e97387a4b3ae57351e47c5') in 0.0065618 seconds
Number of updated asset objects reloaded before import = 0Number of asset objects unloaded after import = 2

========================================================================
Received Import Request.
  Time since last request: 0.000018 seconds.
  path: Assets/Palette/cloud_tileset_139.asset
  artifactKey: Guid(8ef7a325137e02e41bbcf6f8d07ba4e0) Importer(2089858483,192608db42251d675da83286b1cce702)
Start importing Assets/Palette/cloud_tileset_139.asset using Guid(8ef7a325137e02e41bbcf6f8d07ba4e0) Importer(2089858483,192608db42251d675da83286b1cce702) (ScriptedImporter) -> (artifact id: '56167d59dc1babe9f26c4e03e1b35064') in 0.0077524 seconds
Number of updated asset objects reloaded before import = 0Number of asset objects unloaded after import = 2

========================================================================
Received Import Request.
  Time since last request: 0.000020 seconds.
  path: Assets/Palette/cloud_tileset_437.asset
  artifactKey: Guid(e4b6d3bef752892488a494cffba51000) Importer(2089858483,192608db42251d675da83286b1cce702)
Start importing Assets/Palette/cloud_tileset_437.asset using Guid(e4b6d3bef752892488a494cffba51000) Importer(2089858483,192608db42251d675da83286b1cce702) (ScriptedImporter) -> (artifact id: 'ce870a36ca7e97affa2868f9ac3df779') in 0.0065866 seconds
Number of updated asset objects reloaded before import = 0Number of asset objects unloaded after import = 2

========================================================================
Received Import Request.
  Time since last request: 0.000016 seconds.
  path: Assets/Palette/cloud_tileset_496.asset
  artifactKey: Guid(16928990d0761374da6e13a6f1f4dbf4) Importer(2089858483,192608db42251d675da83286b1cce702)
Start importing Assets/Palette/cloud_tileset_496.asset using Guid(16928990d0761374da6e13a6f1f4dbf4) Importer(2089858483,192608db42251d675da83286b1cce702) (ScriptedImporter) -> (artifact id: 'bfd638a07837c4c7a080b8cf41596ceb') in 0.0071749 seconds
Number of updated asset objects reloaded before import = 0Number of asset objects unloaded after import = 2

========================================================================
Received Import Request.
  Time since last request: 0.000016 seconds.
  path: Assets/Palette/cloud_tileset_340.asset
  artifactKey: Guid(ff579732679acbf468bd3a09d569d889) Importer(2089858483,192608db42251d675da83286b1cce702)
Start importing Assets/Palette/cloud_tileset_340.asset using Guid(ff579732679acbf468bd3a09d569d889) Importer(2089858483,192608db42251d675da83286b1cce702) (ScriptedImporter) -> (artifact id: 'df53d287d949ff77e83a48fe48889165') in 0.006059 seconds
Number of updated asset objects reloaded before import = 0Number of asset objects unloaded after import = 2

========================================================================
Received Import Request.
  Time since last request: 0.000018 seconds.
  path: Assets/Palette/cloud_tileset_11.asset
  artifactKey: Guid(b139a48c7ed596d4786c3c0ccadd9e8d) Importer(2089858483,192608db42251d675da83286b1cce702)
Start importing Assets/Palette/cloud_tileset_11.asset using Guid(b139a48c7ed596d4786c3c0ccadd9e8d) Importer(2089858483,192608db42251d675da83286b1cce702) (ScriptedImporter) -> (artifact id: '1dd374c9267886e6d934a886799e033a') in 0.0076299 seconds
Number of updated asset objects reloaded before import = 0Number of asset objects unloaded after import = 2

========================================================================
Received Import Request.
  Time since last request: 0.000029 seconds.
  path: Assets/Palette/cloud_tileset_236.asset
  artifactKey: Guid(55a42e66e9728b146ac811f1cb4e911e) Importer(2089858483,192608db42251d675da83286b1cce702)
Start importing Assets/Palette/cloud_tileset_236.asset using Guid(55a42e66e9728b146ac811f1cb4e911e) Importer(2089858483,192608db42251d675da83286b1cce702) (ScriptedImporter) -> (artifact id: '87d63b9bd3a78974e02dd0e9de7eaa60') in 0.007917 seconds
Number of updated asset objects reloaded before import = 0Number of asset objects unloaded after import = 2

========================================================================
Received Import Request.
  Time since last request: 0.000018 seconds.
  path: Assets/Palette/cloud_tileset_335.asset
  artifactKey: Guid(52864ac6c0a0c8d4697cd55803b54c17) Importer(2089858483,192608db42251d675da83286b1cce702)
Start importing Assets/Palette/cloud_tileset_335.asset using Guid(52864ac6c0a0c8d4697cd55803b54c17) Importer(2089858483,192608db42251d675da83286b1cce702) (ScriptedImporter) -> (artifact id: 'bf709281b39898ac79f19d6bf0b24c27') in 0.0060695 seconds
Number of updated asset objects reloaded before import = 0Number of asset objects unloaded after import = 2

========================================================================
Received Import Request.
  Time since last request: 0.000018 seconds.
  path: Assets/Palette/cloud_tileset_362.asset
  artifactKey: Guid(6e0fa1ea9cc84bd4daf8d27fc5f177e2) Importer(2089858483,192608db42251d675da83286b1cce702)
Start importing Assets/Palette/cloud_tileset_362.asset using Guid(6e0fa1ea9cc84bd4daf8d27fc5f177e2) Importer(2089858483,192608db42251d675da83286b1cce702) (ScriptedImporter) -> (artifact id: '2861204f81d08d6cfe4d6336b8b35d9e') in 0.0070159 seconds
Number of updated asset objects reloaded before import = 0Number of asset objects unloaded after import = 2

========================================================================
Received Import Request.
  Time since last request: 0.000015 seconds.
  path: Assets/Palette/cloud_tileset_201.asset
  artifactKey: Guid(6e210c67fb434da479eefab265ec6025) Importer(2089858483,192608db42251d675da83286b1cce702)
Start importing Assets/Palette/cloud_tileset_201.asset using Guid(6e210c67fb434da479eefab265ec6025) Importer(2089858483,192608db42251d675da83286b1cce702) (ScriptedImporter) -> (artifact id: 'fe5f716f261b9984245bfba4cb6455fd') in 0.0060815 seconds
Number of updated asset objects reloaded before import = 0Number of asset objects unloaded after import = 2

Editor requested this worker to shutdown with reason: Scaling down because of idle timeout
AssetImportWorker is now disconnected from the server
Process exiting
Exiting without the bug reporter. Application will terminate with return code 0